#
# There is insufficient memory for the Java Runtime Environment to continue.
# Native memory allocation (malloc) failed to allocate 2688800 bytes for Chunk::new
# Possible reasons:
#   The system is out of physical RAM or swap space
#   The process is running with CompressedOops enabled, and the Java Heap may be blocking the growth of the native heap
# Possible solutions:
#   Reduce memory load on the system
#   Increase physical memory or swap space
#   Check if swap backing store is full
#   Decrease Java heap size (-Xmx/-Xms)
#   Decrease number of Java threads
#   Decrease Java thread stack sizes (-Xss)
#   Set larger code cache with -XX:ReservedCodeCacheSize=
#   JVM is running with Unscaled Compressed Oops mode in which the Java heap is
#     placed in the first 4GB address space. The Java Heap base address is the
#     maximum limit for the native heap growth. Please use -XX:HeapBaseMinAddress
#     to set the Java Heap base and to place the Java Heap above 4GB virtual address.
# This output file may be truncated or incomplete.
#
#  Out of Memory Error (allocation.cpp:389), pid=14940, tid=0x0000000000003b10
#
# JRE version: OpenJDK Runtime Environment (8.0_242-b01) (build 1.8.0_242-release-1644-b01)
# Java VM: OpenJDK 64-Bit Server VM (25.242-b01 mixed mode windows-amd64 compressed oops)
# Failed to write core dump. Minidumps are not enabled by default on client versions of Windows
#

---------------  T H R E A D  ---------------

Current thread (0x0000000017a6a000):  JavaThread "C2 CompilerThread0" daemon [_thread_in_native, id=15120, stack(0x0000000019360000,0x0000000019460000)]

Stack: [0x0000000019360000,0x0000000019460000]
[error occurred during error reporting (printing stack bounds), id 0xc0000005]

Native frames: (J=compiled Java code, j=interpreted, Vv=VM code, C=native code)


Current CompileTask:
C2:11578108 26333 % !   4       com.android.tools.r8.dex.r::c @ 463 (2729 bytes)


---------------  P R O C E S S  ---------------

Java Threads: ( => current thread )
  0x0000000025b68000 JavaThread "ForkJoinPool-21-worker-0" daemon [_thread_blocked, id=16568, stack(0x000000003f880000,0x000000003f980000)]
  0x0000000025b67000 JavaThread "ForkJoinPool-21-worker-3" daemon [_thread_blocked, id=4792, stack(0x000000003f780000,0x000000003f880000)]
  0x0000000025b63800 JavaThread "ForkJoinPool-21-worker-2" daemon [_thread_in_Java, id=14680, stack(0x000000003f680000,0x000000003f780000)]
  0x0000000025b62800 JavaThread "ForkJoinPool-21-worker-1" daemon [_thread_blocked, id=18932, stack(0x000000003f580000,0x000000003f680000)]
  0x000000001b50a800 JavaThread "WorkerExecutor Queue Thread 5" [_thread_blocked, id=10008, stack(0x000000003f480000,0x000000003f580000)]
  0x000000001b510800 JavaThread "Cache worker for Java compile cache (C:\Users\ASUS-PC\AndroidStudioProjects\Coordinj\.gradle\6.5\javaCompile)" [_thread_blocked, id=8456, stack(0x000000003f380000,0x000000003f480000)]
  0x000000001b50f000 JavaThread "stdout" [_thread_in_native, id=15192, stack(0x000000003f280000,0x000000003f380000)]
  0x000000001b50e000 JavaThread "stderr" [_thread_in_native, id=11092, stack(0x000000003f180000,0x000000003f280000)]
  0x000000001b506800 JavaThread "stdout" [_thread_in_native, id=16216, stack(0x000000003f080000,0x000000003f180000)]
  0x000000001b509000 JavaThread "stderr" [_thread_in_native, id=13272, stack(0x000000003ef80000,0x000000003f080000)]
  0x000000001b50c800 JavaThread "stdout" [_thread_in_native, id=6556, stack(0x000000003ee80000,0x000000003ef80000)]
  0x000000001b50d800 JavaThread "stderr" [_thread_in_native, id=5520, stack(0x000000003ed80000,0x000000003ee80000)]
  0x000000001b505000 JavaThread "stdout" [_thread_in_native, id=1104, stack(0x000000003ec80000,0x000000003ed80000)]
  0x000000001b50b000 JavaThread "stderr" [_thread_in_native, id=3324, stack(0x000000003eb80000,0x000000003ec80000)]
  0x000000001b507800 JavaThread "pool-36-thread-1" [_thread_blocked, id=4928, stack(0x000000003ea80000,0x000000003eb80000)]
  0x000000001b50c000 JavaThread "WorkerExecutor Queue Thread 3" [_thread_blocked, id=16944, stack(0x000000003e880000,0x000000003e980000)]
  0x000000001b504800 JavaThread "WorkerExecutor Queue Thread 2" [_thread_blocked, id=7832, stack(0x000000003e780000,0x000000003e880000)]
  0x000000001b506000 JavaThread "WorkerExecutor Queue" [_thread_blocked, id=13632, stack(0x000000003e680000,0x000000003e780000)]
  0x000000001b508000 JavaThread "Cache worker for execution history cache (C:\Users\ASUS-PC\AndroidStudioProjects\Coordinj\.gradle\6.5\executionHistory)" [_thread_blocked, id=9460, stack(0x000000003e580000,0x000000003e680000)]
  0x000000001b503800 JavaThread "Execution worker for ':' Thread 3" [_thread_blocked, id=12140, stack(0x000000003e480000,0x000000003e580000)]
  0x000000001b502000 JavaThread "Execution worker for ':' Thread 2" [_thread_blocked, id=18416, stack(0x000000003e380000,0x000000003e480000)]
  0x000000001b503000 JavaThread "Execution worker for ':'" [_thread_blocked, id=14424, stack(0x000000003e280000,0x000000003e380000)]
  0x0000000020f41800 JavaThread "Cache worker for file content cache (C:\Users\ASUS-PC\AndroidStudioProjects\Coordinj\.gradle\6.5\fileContent)" [_thread_blocked, id=9120, stack(0x000000003e180000,0x000000003e280000)]
  0x0000000020f3c000 JavaThread "Cache worker for Build Output Cleanup Cache (C:\Users\ASUS-PC\AndroidStudioProjects\Coordinj\.gradle\buildOutputCleanup)" [_thread_blocked, id=11728, stack(0x000000003e080000,0x000000003e180000)]
  0x0000000020f3b000 JavaThread "jar transforms Thread 1288" [_thread_blocked, id=17088, stack(0x000000003df80000,0x000000003e080000)]
  0x0000000020f3e800 JavaThread "jar transforms Thread 1287" [_thread_blocked, id=14380, stack(0x000000003de80000,0x000000003df80000)]
  0x0000000020f40000 JavaThread "jar transforms Thread 1286" [_thread_blocked, id=7128, stack(0x000000003dd80000,0x000000003de80000)]
  0x000000001b375800 JavaThread "jar transforms Thread 1285" [_thread_blocked, id=16700, stack(0x000000003dc80000,0x000000003dd80000)]
  0x000000001b374000 JavaThread "jar transforms Thread 1284" [_thread_blocked, id=11600, stack(0x000000003db80000,0x000000003dc80000)]
  0x000000001b373800 JavaThread "jar transforms Thread 1283" [_thread_blocked, id=7656, stack(0x000000003da80000,0x000000003db80000)]
  0x000000001b372800 JavaThread "jar transforms Thread 1282" [_thread_blocked, id=1564, stack(0x000000003d980000,0x000000003da80000)]
  0x000000001b377000 JavaThread "jar transforms Thread 1281" [_thread_blocked, id=18712, stack(0x000000003d880000,0x000000003d980000)]
  0x000000001b372000 JavaThread "jar transforms Thread 1280" [_thread_blocked, id=9220, stack(0x000000003d780000,0x000000003d880000)]
  0x000000001b371000 JavaThread "jar transforms Thread 1279" [_thread_blocked, id=8372, stack(0x000000003d680000,0x000000003d780000)]
  0x0000000019dd3800 JavaThread "jar transforms Thread 1278" [_thread_blocked, id=12860, stack(0x000000003d580000,0x000000003d680000)]
  0x0000000019dd2800 JavaThread "jar transforms Thread 1277" [_thread_blocked, id=12928, stack(0x000000003d480000,0x000000003d580000)]
  0x0000000019dd2000 JavaThread "jar transforms Thread 1276" [_thread_blocked, id=5576, stack(0x000000003d380000,0x000000003d480000)]
  0x0000000019dd1000 JavaThread "jar transforms Thread 1275" [_thread_blocked, id=6080, stack(0x000000003d280000,0x000000003d380000)]
  0x0000000019dcf800 JavaThread "jar transforms Thread 1274" [_thread_blocked, id=17292, stack(0x000000003d180000,0x000000003d280000)]
  0x0000000019dd0800 JavaThread "jar transforms Thread 1273" [_thread_blocked, id=10308, stack(0x000000003d080000,0x000000003d180000)]
  0x0000000019dc8000 JavaThread "jar transforms Thread 1272" [_thread_blocked, id=5904, stack(0x000000003cf80000,0x000000003d080000)]
  0x0000000019dcf000 JavaThread "jar transforms Thread 1271" [_thread_blocked, id=16532, stack(0x000000003ce80000,0x000000003cf80000)]
  0x0000000019dcd800 JavaThread "jar transforms Thread 1270" [_thread_blocked, id=14856, stack(0x000000003cd80000,0x000000003ce80000)]
  0x0000000019dc6000 JavaThread "jar transforms Thread 1269" [_thread_blocked, id=2608, stack(0x000000003cc80000,0x000000003cd80000)]
  0x0000000019dcb000 JavaThread "jar transforms Thread 1268" [_thread_blocked, id=7036, stack(0x000000003cb80000,0x000000003cc80000)]
  0x000000001ebc5000 JavaThread "jar transforms Thread 1267" [_thread_blocked, id=8520, stack(0x000000003ca80000,0x000000003cb80000)]
  0x000000001ebc4800 JavaThread "jar transforms Thread 1266" [_thread_blocked, id=17436, stack(0x000000003c980000,0x000000003ca80000)]
  0x000000001ebc6800 JavaThread "jar transforms Thread 1265" [_thread_blocked, id=9616, stack(0x000000003c880000,0x000000003c980000)]
  0x000000001ebc3800 JavaThread "jar transforms Thread 1264" [_thread_blocked, id=9920, stack(0x000000003c780000,0x000000003c880000)]
  0x000000001ebbc000 JavaThread "jar transforms Thread 1263" [_thread_blocked, id=16656, stack(0x000000003c680000,0x000000003c780000)]
  0x000000001ebbb000 JavaThread "jar transforms Thread 1262" [_thread_blocked, id=5064, stack(0x000000003c580000,0x000000003c680000)]
  0x000000001ebc1800 JavaThread "jar transforms Thread 1261" [_thread_blocked, id=10700, stack(0x000000003c480000,0x000000003c580000)]
  0x000000001ebc0800 JavaThread "jar transforms Thread 1260" [_thread_blocked, id=480, stack(0x000000003c380000,0x000000003c480000)]
  0x000000001ebb9000 JavaThread "jar transforms Thread 1259" [_thread_blocked, id=17280, stack(0x000000003c280000,0x000000003c380000)]
  0x000000001ebc0000 JavaThread "jar transforms Thread 1258" [_thread_blocked, id=8532, stack(0x000000003c180000,0x000000003c280000)]
  0x000000001ebb9800 JavaThread "jar transforms Thread 1257" [_thread_blocked, id=7444, stack(0x000000003c080000,0x000000003c180000)]
  0x000000001ebb8000 JavaThread "jar transforms Thread 1256" [_thread_blocked, id=16108, stack(0x000000003bf80000,0x000000003c080000)]
  0x000000001ebbe000 JavaThread "jar transforms Thread 1255" [_thread_blocked, id=9744, stack(0x000000003be80000,0x000000003bf80000)]
  0x000000001e69a800 JavaThread "jar transforms Thread 1254" [_thread_blocked, id=12240, stack(0x000000003bd80000,0x000000003be80000)]
  0x000000001e69a000 JavaThread "jar transforms Thread 1253" [_thread_blocked, id=18216, stack(0x000000003bc80000,0x000000003bd80000)]
  0x000000001e698800 JavaThread "jar transforms Thread 1252" [_thread_blocked, id=13988, stack(0x000000003bb80000,0x000000003bc80000)]
  0x000000001e697800 JavaThread "jar transforms Thread 1251" [_thread_blocked, id=4908, stack(0x000000003ba80000,0x000000003bb80000)]
  0x000000001e69b800 JavaThread "jar transforms Thread 1250" [_thread_blocked, id=1140, stack(0x000000003b980000,0x000000003ba80000)]
  0x000000001e699000 JavaThread "jar transforms Thread 1249" [_thread_blocked, id=12540, stack(0x000000003b880000,0x000000003b980000)]
  0x000000001e697000 JavaThread "jar transforms Thread 1248" [_thread_blocked, id=9896, stack(0x000000003b780000,0x000000003b880000)]
  0x000000001e68f000 JavaThread "jar transforms Thread 1247" [_thread_blocked, id=7544, stack(0x000000003b680000,0x000000003b780000)]
  0x000000001e696000 JavaThread "jar transforms Thread 1246" [_thread_blocked, id=14468, stack(0x000000003b580000,0x000000003b680000)]
  0x000000001e695800 JavaThread "jar transforms Thread 1245" [_thread_blocked, id=19044, stack(0x000000003b480000,0x000000003b580000)]
  0x000000001e694800 JavaThread "jar transforms Thread 1244" [_thread_blocked, id=8500, stack(0x000000003b380000,0x000000003b480000)]
  0x000000001e693800 JavaThread "jar transforms Thread 1243" [_thread_blocked, id=9644, stack(0x000000003b280000,0x000000003b380000)]
  0x000000001e68c000 JavaThread "jar transforms Thread 1242" [_thread_blocked, id=13092, stack(0x000000003b180000,0x000000003b280000)]
  0x000000001e692000 JavaThread "jar transforms Thread 1241" [_thread_blocked, id=8176, stack(0x000000003b080000,0x000000003b180000)]
  0x000000001e693000 JavaThread "jar transforms Thread 1240" [_thread_blocked, id=212, stack(0x000000003af80000,0x000000003b080000)]
  0x000000001e68d000 JavaThread "jar transforms Thread 1239" [_thread_blocked, id=7412, stack(0x000000003ae80000,0x000000003af80000)]
  0x0000000021179000 JavaThread "jar transforms Thread 1238" [_thread_blocked, id=10784, stack(0x000000003ad80000,0x000000003ae80000)]
  0x000000002117c800 JavaThread "jar transforms Thread 1237" [_thread_blocked, id=17364, stack(0x000000003ac80000,0x000000003ad80000)]
  0x0000000021178800 JavaThread "jar transforms Thread 1236" [_thread_blocked, id=8736, stack(0x000000003ab80000,0x000000003ac80000)]
  0x000000002117a000 JavaThread "jar transforms Thread 1235" [_thread_blocked, id=10732, stack(0x000000003aa80000,0x000000003ab80000)]
  0x000000002117a800 JavaThread "jar transforms Thread 1234" [_thread_blocked, id=18836, stack(0x000000003a980000,0x000000003aa80000)]
  0x0000000021177800 JavaThread "jar transforms Thread 1233" [_thread_blocked, id=1712, stack(0x000000003a880000,0x000000003a980000)]
  0x000000002117b800 JavaThread "jar transforms Thread 1232" [_thread_blocked, id=19360, stack(0x000000003a780000,0x000000003a880000)]
  0x000000002117d000 JavaThread "jar transforms Thread 1231" [_thread_blocked, id=12784, stack(0x000000003a680000,0x000000003a780000)]
  0x0000000021170000 JavaThread "jar transforms Thread 1230" [_thread_blocked, id=4212, stack(0x000000003a580000,0x000000003a680000)]
  0x0000000021177000 JavaThread "jar transforms Thread 1229" [_thread_blocked, id=10172, stack(0x000000003a480000,0x000000003a580000)]
  0x0000000021176000 JavaThread "jar transforms Thread 1228" [_thread_blocked, id=10676, stack(0x000000003a380000,0x000000003a480000)]
  0x000000002116e800 JavaThread "jar transforms Thread 1227" [_thread_blocked, id=13772, stack(0x000000003a280000,0x000000003a380000)]
  0x0000000021174800 JavaThread "jar transforms Thread 1226" [_thread_blocked, id=15712, stack(0x000000003a180000,0x000000003a280000)]
  0x0000000021174000 JavaThread "jar transforms Thread 1225" [_thread_blocked, id=4760, stack(0x000000003a080000,0x000000003a180000)]
  0x0000000021175800 JavaThread "jar transforms Thread 1224" [_thread_blocked, id=12888, stack(0x0000000039f80000,0x000000003a080000)]
  0x000000002116f800 JavaThread "jar transforms Thread 1223" [_thread_blocked, id=8100, stack(0x0000000039e80000,0x0000000039f80000)]
  0x0000000021173000 JavaThread "jar transforms Thread 1222" [_thread_blocked, id=6696, stack(0x0000000039d80000,0x0000000039e80000)]
  0x0000000021172800 JavaThread "jar transforms Thread 1221" [_thread_blocked, id=2736, stack(0x0000000039c80000,0x0000000039d80000)]
  0x0000000024fef000 JavaThread "jar transforms Thread 1220" [_thread_blocked, id=10136, stack(0x0000000039b80000,0x0000000039c80000)]
  0x0000000024fed000 JavaThread "jar transforms Thread 1219" [_thread_blocked, id=5792, stack(0x0000000039a80000,0x0000000039b80000)]
  0x0000000024fec000 JavaThread "jar transforms Thread 1218" [_thread_blocked, id=17820, stack(0x0000000039980000,0x0000000039a80000)]
  0x0000000024fee800 JavaThread "jar transforms Thread 1217" [_thread_blocked, id=8752, stack(0x0000000039880000,0x0000000039980000)]
  0x0000000024feb800 JavaThread "jar transforms Thread 1216" [_thread_blocked, id=4160, stack(0x0000000039780000,0x0000000039880000)]
  0x0000000024fea800 JavaThread "jar transforms Thread 1215" [_thread_blocked, id=11632, stack(0x0000000039680000,0x0000000039780000)]
  0x0000000024fed800 JavaThread "jar transforms Thread 1214" [_thread_blocked, id=14524, stack(0x0000000039580000,0x0000000039680000)]
  0x0000000024fe3000 JavaThread "jar transforms Thread 1213" [_thread_blocked, id=15152, stack(0x0000000039480000,0x0000000039580000)]
  0x0000000024fea000 JavaThread "jar transforms Thread 1212" [_thread_blocked, id=592, stack(0x0000000039380000,0x0000000039480000)]
  0x0000000024fe9000 JavaThread "jar transforms Thread 1211" [_thread_blocked, id=16696, stack(0x0000000039280000,0x0000000039380000)]
  0x0000000024fe1800 JavaThread "jar transforms Thread 1210" [_thread_blocked, id=13836, stack(0x0000000039180000,0x0000000039280000)]
  0x0000000024fe2000 JavaThread "jar transforms Thread 1209" [_thread_blocked, id=3476, stack(0x0000000039080000,0x0000000039180000)]
  0x0000000024fe8800 JavaThread "jar transforms Thread 1208" [_thread_blocked, id=11452, stack(0x0000000038f80000,0x0000000039080000)]
  0x0000000024fe7800 JavaThread "jar transforms Thread 1207" [_thread_blocked, id=6704, stack(0x0000000038e80000,0x0000000038f80000)]
  0x0000000024fe0000 JavaThread "jar transforms Thread 1206" [_thread_blocked, id=7340, stack(0x0000000038d80000,0x0000000038e80000)]
  0x0000000024fe7000 JavaThread "jar transforms Thread 1205" [_thread_blocked, id=12228, stack(0x0000000038c80000,0x0000000038d80000)]
  0x0000000024fe6000 JavaThread "jar transforms Thread 1204" [_thread_blocked, id=14240, stack(0x0000000038b80000,0x0000000038c80000)]
  0x0000000024fe5000 JavaThread "jar transforms Thread 1203" [_thread_blocked, id=200, stack(0x0000000038a80000,0x0000000038b80000)]
  0x0000000024fe4800 JavaThread "jar transforms Thread 1202" [_thread_blocked, id=12456, stack(0x0000000038980000,0x0000000038a80000)]
  0x0000000024d6a800 JavaThread "jar transforms Thread 1201" [_thread_blocked, id=13832, stack(0x0000000038880000,0x0000000038980000)]
  0x0000000024d6a000 JavaThread "jar transforms Thread 1200" [_thread_blocked, id=14472, stack(0x0000000038780000,0x0000000038880000)]
  0x0000000024d6c000 JavaThread "jar transforms Thread 1199" [_thread_blocked, id=12296, stack(0x0000000038680000,0x0000000038780000)]
  0x0000000024d6f800 JavaThread "jar transforms Thread 1198" [_thread_blocked, id=19060, stack(0x0000000038580000,0x0000000038680000)]
  0x0000000024d6d800 JavaThread "jar transforms Thread 1197" [_thread_blocked, id=15096, stack(0x0000000038480000,0x0000000038580000)]
  0x0000000024d6e800 JavaThread "Build operations Thread 4" [_thread_blocked, id=13492, stack(0x0000000038380000,0x0000000038480000)]
  0x0000000024d69000 JavaThread "Build operations Thread 3" [_thread_blocked, id=7940, stack(0x0000000038280000,0x0000000038380000)]
  0x0000000024d6b800 JavaThread "Build operations Thread 2" [_thread_blocked, id=16772, stack(0x0000000038180000,0x0000000038280000)]
  0x0000000024d61800 JavaThread "Build operations" [_thread_blocked, id=5300, stack(0x0000000038080000,0x0000000038180000)]
  0x0000000024d63000 JavaThread "Cache worker for cache directory md-rule (C:\Users\ASUS-PC\.gradle\caches\6.5\md-rule)" [_thread_blocked, id=14892, stack(0x0000000037f80000,0x0000000038080000)]
  0x0000000024d68800 JavaThread "Cache worker for cache directory md-supplier (C:\Users\ASUS-PC\.gradle\caches\6.5\md-supplier)" [_thread_blocked, id=4804, stack(0x0000000037e80000,0x0000000037f80000)]
  0x0000000024d61000 JavaThread "Cache worker for checksums cache (C:\Users\ASUS-PC\AndroidStudioProjects\Coordinj\.gradle\checksums)" [_thread_blocked, id=18556, stack(0x0000000037d80000,0x0000000037e80000)]
  0x0000000024d67000 JavaThread "Cache worker for file hash cache (C:\Users\ASUS-PC\AndroidStudioProjects\Coordinj\.gradle\6.5\fileHashes)" [_thread_blocked, id=5580, stack(0x0000000037c80000,0x0000000037d80000)]
  0x0000000024d67800 JavaThread "Thread-1575" [_thread_blocked, id=600, stack(0x0000000037b80000,0x0000000037c80000)]
  0x0000000024d60000 JavaThread "Stdin handler" [_thread_blocked, id=13080, stack(0x0000000037a80000,0x0000000037b80000)]
  0x0000000024d62800 JavaThread "Asynchronous log dispatcher for DefaultDaemonConnection: socket connection from /127.0.0.1:53366 to /127.0.0.1:63662" [_thread_blocked, id=13148, stack(0x0000000037980000,0x0000000037a80000)]
  0x0000000024d66000 JavaThread "Daemon worker Thread 11" [_thread_in_native, id=8340, stack(0x0000000037880000,0x0000000037980000)]
  0x0000000024d65800 JavaThread "Cancel handler" [_thread_blocked, id=8104, stack(0x0000000037780000,0x0000000037880000)]
  0x0000000024d64800 JavaThread "Handler for socket connection from /127.0.0.1:53366 to /127.0.0.1:63662" [_thread_in_native, id=5468, stack(0x0000000037680000,0x0000000037780000)]
  0x0000000024d64000 JavaThread "Daemon Thread 11" [_thread_blocked, id=18908, stack(0x0000000037580000,0x0000000037680000)]
  0x0000000021171800 JavaThread "Cache worker for Java compile cache (C:\Users\ASUS-PC\.gradle\caches\6.5\javaCompile)" [_thread_blocked, id=14744, stack(0x0000000035280000,0x0000000035380000)]
  0x000000001e690000 JavaThread "Memory manager" [_thread_blocked, id=18252, stack(0x000000002bb90000,0x000000002bc90000)]
  0x0000000019dc9000 JavaThread "Cache worker for file content cache (C:\Users\ASUS-PC\.gradle\caches\6.5\fileContent)" [_thread_blocked, id=3140, stack(0x00000000232c0000,0x00000000233c0000)]
  0x0000000019dc9800 JavaThread "Cache worker for execution history cache (C:\Users\ASUS-PC\.gradle\caches\6.5\executionHistory)" [_thread_blocked, id=4404, stack(0x0000000022dc0000,0x0000000022ec0000)]
  0x000000001b375000 JavaThread "Cache worker for file hash cache (C:\Users\ASUS-PC\.gradle\caches\6.5\fileHashes)" [_thread_blocked, id=11108, stack(0x000000001e7e0000,0x000000001e8e0000)]
  0x000000001b378000 JavaThread "File lock request listener" [_thread_in_native, id=18396, stack(0x000000001d710000,0x000000001d810000)]
  0x000000001b512000 JavaThread "Cache worker for journal cache (C:\Users\ASUS-PC\.gradle\caches\journal-1)" [_thread_blocked, id=19136, stack(0x000000001d510000,0x000000001d610000)]
  0x000000001b172800 JavaThread "Daemon periodic checks" [_thread_blocked, id=8360, stack(0x000000001c910000,0x000000001ca10000)]
  0x000000001b1a1800 JavaThread "Incoming local TCP Connector on port 53366" [_thread_in_native, id=4216, stack(0x000000001c520000,0x000000001c620000)]
  0x000000001b027800 JavaThread "Daemon health stats" [_thread_blocked, id=14832, stack(0x000000001c200000,0x000000001c300000)]
  0x0000000018dc9000 JavaThread "Service Thread" daemon [_thread_blocked, id=6584, stack(0x0000000019660000,0x0000000019760000)]
  0x0000000018dc4000 JavaThread "C1 CompilerThread2" daemon [_thread_blocked, id=14352, stack(0x0000000019560000,0x0000000019660000)]
  0x0000000017a6d000 JavaThread "C2 CompilerThread1" daemon [_thread_in_native, id=8472, stack(0x0000000019460000,0x0000000019560000)]
=>0x0000000017a6a000 JavaThread "C2 CompilerThread0" daemon [_thread_in_native, id=15120, stack(0x0000000019360000,0x0000000019460000)]
  0x0000000017a68000 JavaThread "Attach Listener" daemon [_thread_blocked, id=8332, stack(0x0000000019260000,0x0000000019360000)]
  0x0000000017a1e000 JavaThread "Signal Dispatcher" daemon [_thread_blocked, id=6740, stack(0x0000000019160000,0x0000000019260000)]
  0x0000000002deb000 JavaThread "Finalizer" daemon [_thread_blocked, id=1660, stack(0x0000000018c60000,0x0000000018d60000)]
  0x00000000179f9000 JavaThread "Reference Handler" daemon [_thread_blocked, id=10288, stack(0x0000000018b60000,0x0000000018c60000)]
  0x0000000002cf0800 JavaThread "main" [_thread_blocked, id=596, stack(0x0000000002bf0000,0x0000000002cf0000)]

Other Threads:
  0x00000000179d6000 VMThread [stack: 0x0000000018a60000,0x0000000018b60000] [id=17016]
  0x0000000018dca000 WatcherThread [stack: 0x0000000019760000,0x0000000019860000] [id=17640]

VM state:not at safepoint (normal execution)

VM Mutex/Monitor currently owned by a thread: None

heap address: 0x0000000080000000, size: 2048 MB, Compressed Oops mode: 32-bit
Narrow klass base: 0x0000000000000000, Narrow klass shift: 3
Compressed class space size: 1073741824 Address: 0x0000000100000000

Heap:
 PSYoungGen      total 379392K, used 110778K [0x00000000d5580000, 0x00000000f4180000, 0x0000000100000000)
  eden space 364032K, 30% used [0x00000000d5580000,0x00000000dc1ae898,0x00000000eb900000)
  from space 15360K, 0% used [0x00000000ef900000,0x00000000ef900000,0x00000000f0800000)
  to   space 65536K, 0% used [0x00000000eb900000,0x00000000eb900000,0x00000000ef900000)
 ParOldGen       total 209920K, used 92607K [0x0000000080000000, 0x000000008cd00000, 0x00000000d5580000)
  object space 209920K, 44% used [0x0000000080000000,0x0000000085a6fe40,0x000000008cd00000)
 Metaspace       used 114383K, capacity 122308K, committed 125784K, reserved 1159168K
  class space    used 14729K, capacity 16103K, committed 16768K, reserved 1048576K

Card table byte_map: [0x00000000121b0000,0x00000000125c0000] byte_map_base: 0x0000000011db0000

Marking Bits: (ParMarkBitMap*) 0x0000000067d5f030
 Begin Bits: [0x0000000012c70000, 0x0000000014c70000)
 End Bits:   [0x0000000014c70000, 0x0000000016c70000)

Polling page: 0x0000000001130000

CodeCache: size=245760Kb used=75017Kb max_used=75023Kb free=170742Kb
 bounds [0x0000000002df0000, 0x00000000077b0000, 0x0000000011df0000]
 total_blobs=21611 nmethods=20692 adapters=826
 compilation: enabled

Compilation events (10 events):
Event: 11575.990 Thread 0x0000000017a6d000 nmethod 26399 0x000000000504bd10 code [0x000000000504be60, 0x000000000504bf38]
Event: 11575.992 Thread 0x0000000017a6d000 26400       4       com.android.tools.r8.utils.m0$$Lambda$1341/16612839::accept (11 bytes)
Event: 11575.996 Thread 0x0000000017a6d000 nmethod 26400 0x000000000775a1d0 code [0x000000000775a320, 0x000000000775a678]
Event: 11575.998 Thread 0x0000000018dc4000 26401       3       com.android.tools.r8.utils.n0::hasNext (13 bytes)
Event: 11575.999 Thread 0x0000000018dc4000 nmethod 26401 0x00000000034fa790 code [0x00000000034fa8e0, 0x00000000034faa90]
Event: 11576.006 Thread 0x0000000017a6d000 26402       4       com.android.tools.r8.dex.r$$Lambda$1339/1390049282::accept (12 bytes)
Event: 11576.149 Thread 0x0000000018dc4000 26406       3       com.android.tools.r8.graph.Z0::c (11 bytes)
Event: 11576.149 Thread 0x0000000018dc4000 nmethod 26406 0x00000000034f9dd0 code [0x00000000034f9f80, 0x00000000034fa4c8]
Event: 11576.149 Thread 0x0000000018dc4000 26407       3       com.android.tools.r8.graph.Z0::d (11 bytes)
Event: 11576.150 Thread 0x0000000018dc4000 nmethod 26407 0x0000000003069b10 code [0x0000000003069cc0, 0x000000000306a208]

GC Heap History (10 events):
Event: 1949.910 GC heap before
{Heap before GC invocations=27 (full 4):
 PSYoungGen      total 394240K, used 383432K [0x00000000d5580000, 0x00000000f0300000, 0x0000000100000000)
  eden space 358912K, 100% used [0x00000000d5580000,0x00000000eb400000,0x00000000eb400000)
  from space 35328K, 69% used [0x00000000ee080000,0x00000000ef872088,0x00000000f0300000)
  to   space 40448K, 0% used [0x00000000eb400000,0x00000000eb400000,0x00000000edb80000)
 ParOldGen       total 153600K, used 91056K [0x0000000080000000, 0x0000000089600000, 0x00000000d5580000)
  object space 153600K, 59% used [0x0000000080000000,0x00000000858ec2e0,0x0000000089600000)
 Metaspace       used 111287K, capacity 118890K, committed 119128K, reserved 1153024K
  class space    used 14547K, capacity 15905K, committed 16000K, reserved 1048576K
Event: 1951.669 GC heap after
Heap after GC invocations=27 (full 4):
 PSYoungGen      total 399360K, used 27168K [0x00000000d5580000, 0x00000000f3000000, 0x0000000100000000)
  eden space 358912K, 0% used [0x00000000d5580000,0x00000000d5580000,0x00000000eb400000)
  from space 40448K, 67% used [0x00000000eb400000,0x00000000ece88388,0x00000000edb80000)
  to   space 41472K, 0% used [0x00000000f0780000,0x00000000f0780000,0x00000000f3000000)
 ParOldGen       total 153600K, used 91064K [0x0000000080000000, 0x0000000089600000, 0x00000000d5580000)
  object space 153600K, 59% used [0x0000000080000000,0x00000000858ee2e0,0x0000000089600000)
 Metaspace       used 111287K, capacity 118890K, committed 119128K, reserved 1153024K
  class space    used 14547K, capacity 15905K, committed 16000K, reserved 1048576K
}
Event: 5163.427 GC heap before
{Heap before GC invocations=28 (full 4):
 PSYoungGen      total 399360K, used 386080K [0x00000000d5580000, 0x00000000f3000000, 0x0000000100000000)
  eden space 358912K, 100% used [0x00000000d5580000,0x00000000eb400000,0x00000000eb400000)
  from space 40448K, 67% used [0x00000000eb400000,0x00000000ece88388,0x00000000edb80000)
  to   space 41472K, 0% used [0x00000000f0780000,0x00000000f0780000,0x00000000f3000000)
 ParOldGen       total 153600K, used 91064K [0x0000000080000000, 0x0000000089600000, 0x00000000d5580000)
  object space 153600K, 59% used [0x0000000080000000,0x00000000858ee2e0,0x0000000089600000)
 Metaspace       used 111757K, capacity 119412K, committed 119640K, reserved 1153024K
  class space    used 14567K, capacity 15938K, committed 16000K, reserved 1048576K
Event: 5165.054 GC heap after
Heap after GC invocations=28 (full 4):
 PSYoungGen      total 371200K, used 27081K [0x00000000d5580000, 0x00000000f2200000, 0x0000000100000000)
  eden space 344064K, 0% used [0x00000000d5580000,0x00000000d5580000,0x00000000ea580000)
  from space 27136K, 99% used [0x00000000f0780000,0x00000000f21f2688,0x00000000f2200000)
  to   space 41984K, 0% used [0x00000000ed000000,0x00000000ed000000,0x00000000ef900000)
 ParOldGen       total 153600K, used 91072K [0x0000000080000000, 0x0000000089600000, 0x00000000d5580000)
  object space 153600K, 59% used [0x0000000080000000,0x00000000858f02e0,0x0000000089600000)
 Metaspace       used 111757K, capacity 119412K, committed 119640K, reserved 1153024K
  class space    used 14567K, capacity 15938K, committed 16000K, reserved 1048576K
}
Event: 11551.433 GC heap before
{Heap before GC invocations=29 (full 4):
 PSYoungGen      total 371200K, used 371145K [0x00000000d5580000, 0x00000000f2200000, 0x0000000100000000)
  eden space 344064K, 100% used [0x00000000d5580000,0x00000000ea580000,0x00000000ea580000)
  from space 27136K, 99% used [0x00000000f0780000,0x00000000f21f2688,0x00000000f2200000)
  to   space 41984K, 0% used [0x00000000ed000000,0x00000000ed000000,0x00000000ef900000)
 ParOldGen       total 153600K, used 91072K [0x0000000080000000, 0x0000000089600000, 0x00000000d5580000)
  object space 153600K, 59% used [0x0000000080000000,0x00000000858f02e0,0x0000000089600000)
 Metaspace       used 115488K, capacity 124968K, committed 125016K, reserved 1157120K
  class space    used 15085K, capacity 16733K, committed 16768K, reserved 1048576K
Event: 11552.789 GC heap after
Heap after GC invocations=29 (full 4):
 PSYoungGen      total 371712K, used 41979K [0x00000000d5580000, 0x00000000f0800000, 0x0000000100000000)
  eden space 329728K, 0% used [0x00000000d5580000,0x00000000d5580000,0x00000000e9780000)
  from space 41984K, 99% used [0x00000000ed000000,0x00000000ef8fecd0,0x00000000ef900000)
  to   space 15360K, 0% used [0x00000000ef900000,0x00000000ef900000,0x00000000f0800000)
 ParOldGen       total 153600K, used 96939K [0x0000000080000000, 0x0000000089600000, 0x00000000d5580000)
  object space 153600K, 63% used [0x0000000080000000,0x0000000085eaac48,0x0000000089600000)
 Metaspace       used 115488K, capacity 124968K, committed 125016K, reserved 1157120K
  class space    used 15085K, capacity 16733K, committed 16768K, reserved 1048576K
}
Event: 11570.135 GC heap before
{Heap before GC invocations=30 (full 4):
 PSYoungGen      total 371712K, used 371707K [0x00000000d5580000, 0x00000000f0800000, 0x0000000100000000)
  eden space 329728K, 100% used [0x00000000d5580000,0x00000000e9780000,0x00000000e9780000)
  from space 41984K, 99% used [0x00000000ed000000,0x00000000ef8fecd0,0x00000000ef900000)
  to   space 15360K, 0% used [0x00000000ef900000,0x00000000ef900000,0x00000000f0800000)
 ParOldGen       total 153600K, used 96939K [0x0000000080000000, 0x0000000089600000, 0x00000000d5580000)
  object space 153600K, 63% used [0x0000000080000000,0x0000000085eaac48,0x0000000089600000)
 Metaspace       used 116108K, capacity 125580K, committed 125784K, reserved 1159168K
  class space    used 15099K, capacity 16753K, committed 16768K, reserved 1048576K
Event: 11570.669 GC heap after
Heap after GC invocations=30 (full 4):
 PSYoungGen      total 379392K, used 15330K [0x00000000d5580000, 0x00000000f4180000, 0x0000000100000000)
  eden space 364032K, 0% used [0x00000000d5580000,0x00000000d5580000,0x00000000eb900000)
  from space 15360K, 99% used [0x00000000ef900000,0x00000000f07f8bb0,0x00000000f0800000)
  to   space 65536K, 0% used [0x00000000eb900000,0x00000000eb900000,0x00000000ef900000)
 ParOldGen       total 153600K, used 152702K [0x0000000080000000, 0x0000000089600000, 0x00000000d5580000)
  object space 153600K, 99% used [0x0000000080000000,0x000000008951fb28,0x0000000089600000)
 Metaspace       used 116108K, capacity 125580K, committed 125784K, reserved 1159168K
  class space    used 15099K, capacity 16753K, committed 16768K, reserved 1048576K
}
Event: 11570.670 GC heap before
{Heap before GC invocations=31 (full 5):
 PSYoungGen      total 379392K, used 15330K [0x00000000d5580000, 0x00000000f4180000, 0x0000000100000000)
  eden space 364032K, 0% used [0x00000000d5580000,0x00000000d5580000,0x00000000eb900000)
  from space 15360K, 99% used [0x00000000ef900000,0x00000000f07f8bb0,0x00000000f0800000)
  to   space 65536K, 0% used [0x00000000eb900000,0x00000000eb900000,0x00000000ef900000)
 ParOldGen       total 153600K, used 152702K [0x0000000080000000, 0x0000000089600000, 0x00000000d5580000)
  object space 153600K, 99% used [0x0000000080000000,0x000000008951fb28,0x0000000089600000)
 Metaspace       used 116108K, capacity 125580K, committed 125784K, reserved 1159168K
  class space    used 15099K, capacity 16753K, committed 16768K, reserved 1048576K
Event: 11574.175 GC heap after
Heap after GC invocations=31 (full 5):
 PSYoungGen      total 379392K, used 0K [0x00000000d5580000, 0x00000000f4180000, 0x0000000100000000)
  eden space 364032K, 0% used [0x00000000d5580000,0x00000000d5580000,0x00000000eb900000)
  from space 15360K, 0% used [0x00000000ef900000,0x00000000ef900000,0x00000000f0800000)
  to   space 65536K, 0% used [0x00000000eb900000,0x00000000eb900000,0x00000000ef900000)
 ParOldGen       total 209920K, used 92607K [0x0000000080000000, 0x000000008cd00000, 0x00000000d5580000)
  object space 209920K, 44% used [0x0000000080000000,0x0000000085a6fe40,0x000000008cd00000)
 Metaspace       used 114380K, capacity 122308K, committed 125784K, reserved 1159168K
  class space    used 14729K, capacity 16103K, committed 16768K, reserved 1048576K
}

Deoptimization events (10 events):
Event: 11568.177 Thread 0x000000001b50a800 Uncommon trap: reason=array_check action=maybe_recompile pc=0x0000000005fc4510 method=java.util.TimSort.mergeLo(IIII)V @ 81
Event: 11568.227 Thread 0x000000001b50c000 Uncommon trap: reason=unstable_if action=reinterpret pc=0x000000000635d3bc method=com.android.tools.r8.graph.l0$l.equals(Ljava/lang/Object;)Z @ 25
Event: 11568.406 Thread 0x000000001b502000 Uncommon trap: reason=predicate action=maybe_recompile pc=0x00000000061c8868 method=com.google.common.collect.ImmutableList.copyIntoArray([Ljava/lang/Object;I)I @ 14
Event: 11568.441 Thread 0x000000001b503000 Uncommon trap: reason=unstable_if action=reinterpret pc=0x000000000665d1d8 method=java.lang.ref.SoftReference.get()Ljava/lang/Object; @ 6
Event: 11568.584 Thread 0x000000001b504800 Uncommon trap: reason=unstable_if action=reinterpret pc=0x00000000041b5a2c method=java.lang.ref.SoftReference.get()Ljava/lang/Object; @ 6
Event: 11570.002 Thread 0x0000000025b63800 Uncommon trap: reason=unloaded action=reinterpret pc=0x0000000005d57f78 method=com.android.tools.r8.code.v1.a(Ljava/nio/ShortBuffer;IILcom/android/tools/r8/graph/h1;)[Lcom/android/tools/r8/code/u1; @ 3211
Event: 11574.991 Thread 0x0000000025b63800 Uncommon trap: reason=unstable_if action=reinterpret pc=0x00000000069e5880 method=com.android.tools.r8.dex.r.c()Lcom/android/tools/r8/dex/r$a; @ 27
Event: 11575.174 Thread 0x0000000025b63800 Uncommon trap: reason=unstable_if action=reinterpret pc=0x0000000005fd686c method=com.android.tools.r8.dex.r.c()Lcom/android/tools/r8/dex/r$a; @ 516
Event: 11575.232 Thread 0x0000000025b63800 Uncommon trap: reason=class_check action=maybe_recompile pc=0x0000000005b6e940 method=com.android.tools.r8.dex.m.c(I)V @ 108
Event: 11575.507 Thread 0x0000000025b63800 Uncommon trap: reason=unstable_if action=reinterpret pc=0x0000000005edcbcc method=com.android.tools.r8.dex.r.c()Lcom/android/tools/r8/dex/r$a; @ 810

Classes redefined (0 events):
No events

Internal exceptions (10 events):
Event: 11567.125 Thread 0x000000001b506000 Exception <a 'sun/nio/fs/WindowsException'> (0x00000000e337d7c0) thrown at [C:\src\AOSP-openjdk-git\hotspot\src\share\vm\prims\jni.cpp, line 710]
Event: 11567.125 Thread 0x000000001b506000 Exception <a 'sun/nio/fs/WindowsException'> (0x00000000e337e5f8) thrown at [C:\src\AOSP-openjdk-git\hotspot\src\share\vm\prims\jni.cpp, line 710]
Event: 11567.126 Thread 0x000000001b506000 Exception <a 'sun/nio/fs/WindowsException'> (0x00000000e337eb30) thrown at [C:\src\AOSP-openjdk-git\hotspot\src\share\vm\prims\jni.cpp, line 710]
Event: 11567.126 Thread 0x000000001b506000 Exception <a 'sun/nio/fs/WindowsException'> (0x00000000e337f958) thrown at [C:\src\AOSP-openjdk-git\hotspot\src\share\vm\prims\jni.cpp, line 710]
Event: 11567.431 Thread 0x000000001b506000 Exception <a 'sun/nio/fs/WindowsException'> (0x00000000e38c9f68) thrown at [C:\src\AOSP-openjdk-git\hotspot\src\share\vm\prims\jni.cpp, line 710]
Event: 11567.751 Thread 0x000000001b506000 Exception <a 'sun/nio/fs/WindowsException'> (0x00000000e38cfc20) thrown at [C:\src\AOSP-openjdk-git\hotspot\src\share\vm\prims\jni.cpp, line 710]
Event: 11568.441 Thread 0x000000001b503000 Implicit null exception at 0x000000000665c8d5 to 0x000000000665d1b5
Event: 11568.580 Thread 0x000000001b503000 Exception <a 'java/lang/NoSuchMethodError': <clinit>> (0x00000000e5538088) thrown at [C:\src\AOSP-openjdk-git\hotspot\src\share\vm\prims\jni.cpp, line 1615]
Event: 11568.584 Thread 0x000000001b504800 Implicit null exception at 0x00000000041b57d1 to 0x00000000041b5a11
Event: 11569.443 Thread 0x000000001b504800 Exception <a 'sun/nio/fs/WindowsException'> (0x00000000e59ae3b8) thrown at [C:\src\AOSP-openjdk-git\hotspot\src\share\vm\prims\jni.cpp, line 710]

Events (10 events):
Event: 11575.533 Thread 0x0000000018dc4000 flushing nmethod 0x0000000004dbfd50
Event: 11575.534 Thread 0x0000000018dc4000 flushing nmethod 0x0000000004e535d0
Event: 11575.534 Thread 0x0000000018dc4000 flushing nmethod 0x0000000004e9fa50
Event: 11575.535 Thread 0x0000000018dc4000 flushing nmethod 0x0000000004eab950
Event: 11575.535 Thread 0x0000000018dc4000 flushing nmethod 0x000000000504b9d0
Event: 11575.538 Thread 0x0000000017a6d000 flushing nmethod 0x00000000053722d0
Event: 11575.543 Thread 0x0000000018dc4000 flushing nmethod 0x0000000005e8f7d0
Event: 11575.553 Thread 0x0000000018dc4000 flushing nmethod 0x00000000071ed7d0
Event: 11575.554 Thread 0x0000000018dc4000 flushing nmethod 0x0000000007203110
Event: 11575.554 Thread 0x0000000018dc4000 flushing nmethod 0x000000000720a450


Dynamic libraries:
0x00007ff7a9c70000 - 0x00007ff7a9ca1000 	D:\jdk\Studios\jre\bin\java.exe
0x00007ffb931e0000 - 0x00007ffb933b2000 	C:\Windows\SYSTEM32\ntdll.dll
0x00007ffb92f80000 - 0x00007ffb9302c000 	C:\Windows\System32\KERNEL32.DLL
0x00007ffb8f9c0000 - 0x00007ffb8fbdd000 	C:\Windows\System32\KERNELBASE.dll
0x00007ffb91810000 - 0x00007ffb918b2000 	C:\Windows\System32\ADVAPI32.dll
0x00007ffb90f80000 - 0x00007ffb9101e000 	C:\Windows\System32\msvcrt.dll
0x00007ffb92dd0000 - 0x00007ffb92e29000 	C:\Windows\System32\sechost.dll
0x00007ffb916e0000 - 0x00007ffb91801000 	C:\Windows\System32\RPCRT4.dll
0x00007ffb93030000 - 0x00007ffb93195000 	C:\Windows\System32\USER32.dll
0x00007ffb8f850000 - 0x00007ffb8f86e000 	C:\Windows\System32\win32u.dll
0x00007ffb912f0000 - 0x00007ffb91324000 	C:\Windows\System32\GDI32.dll
0x00007ffb90590000 - 0x00007ffb90710000 	C:\Windows\System32\gdi32full.dll
0x00007ffb857e0000 - 0x00007ffb85a5a000 	C:\Windows\WinSxS\amd64_microsoft.windows.common-controls_6595b64144ccf1df_6.0.14393.953_none_42151e83c686086b\COMCTL32.dll
0x00007ffb91020000 - 0x00007ffb912e8000 	C:\Windows\System32\combase.dll
0x00007ffb8fbe0000 - 0x00007ffb8fcd5000 	C:\Windows\System32\ucrtbase.dll
0x00007ffb8f7e0000 - 0x00007ffb8f84a000 	C:\Windows\System32\bcryptPrimitives.dll
0x00007ffb92e30000 - 0x00007ffb92e5e000 	C:\Windows\System32\IMM32.DLL
0x00000000681e0000 - 0x00000000682b2000 	D:\jdk\Studios\jre\jre\bin\msvcr100.dll
0x0000000067590000 - 0x0000000067ddb000 	D:\jdk\Studios\jre\jre\bin\server\jvm.dll
0x00007ffb931d0000 - 0x00007ffb931d8000 	C:\Windows\System32\PSAPI.DLL
0x00007ffb8d610000 - 0x00007ffb8d633000 	C:\Windows\SYSTEM32\WINMM.dll
0x00007ffb84f30000 - 0x00007ffb84f39000 	C:\Windows\SYSTEM32\WSOCK32.dll
0x00007ffb89170000 - 0x00007ffb8917a000 	C:\Windows\SYSTEM32\VERSION.dll
0x00007ffb91550000 - 0x00007ffb915ba000 	C:\Windows\System32\WS2_32.dll
0x0000000000c20000 - 0x0000000000c4b000 	C:\Windows\SYSTEM32\WINMMBASE.dll
0x00007ffb8f6e0000 - 0x00007ffb8f722000 	C:\Windows\System32\cfgmgr32.dll
0x00007ffb8d6b0000 - 0x00007ffb8d6bf000 	D:\jdk\Studios\jre\jre\bin\verify.dll
0x00007ffb87480000 - 0x00007ffb874a9000 	D:\jdk\Studios\jre\jre\bin\java.dll
0x00007ffb87460000 - 0x00007ffb87476000 	D:\jdk\Studios\jre\jre\bin\zip.dll
0x00007ffb918c0000 - 0x00007ffb92dc9000 	C:\Windows\System32\SHELL32.dll
0x00007ffb8feb0000 - 0x00007ffb90589000 	C:\Windows\System32\windows.storage.dll
0x00007ffb8f680000 - 0x00007ffb8f6cc000 	C:\Windows\System32\powrprof.dll
0x00007ffb92e60000 - 0x00007ffb92eb2000 	C:\Windows\System32\shlwapi.dll
0x00007ffb8f670000 - 0x00007ffb8f67f000 	C:\Windows\System32\kernel.appcore.dll
0x00007ffb8f730000 - 0x00007ffb8f7d9000 	C:\Windows\System32\shcore.dll
0x00007ffb8f650000 - 0x00007ffb8f664000 	C:\Windows\System32\profapi.dll
0x00007ffb87440000 - 0x00007ffb8745a000 	D:\jdk\Studios\jre\jre\bin\net.dll
0x00007ffb8ef80000 - 0x00007ffb8efdc000 	C:\Windows\system32\mswsock.dll
0x00007ffb82c10000 - 0x00007ffb82c23000 	D:\jdk\Studios\jre\jre\bin\nio.dll
0x00007ffb75c60000 - 0x00007ffb75c87000 	C:\Users\ASUS-PC\.gradle\native\f6784746aeab05261644944871eae4fe03e0ef1612fff0a4a95f87b438bc6780\windows-amd64\native-platform.dll
0x00007ffb8d6a0000 - 0x00007ffb8d6ad000 	D:\jdk\Studios\jre\jre\bin\management.dll
0x00007ffb8f130000 - 0x00007ffb8f147000 	C:\Windows\SYSTEM32\CRYPTSP.dll
0x00007ffb8eb80000 - 0x00007ffb8ebb3000 	C:\Windows\system32\rsaenh.dll
0x00007ffb8f230000 - 0x00007ffb8f25b000 	C:\Windows\SYSTEM32\bcrypt.dll
0x00007ffb8ee00000 - 0x00007ffb8ee1f000 	C:\Windows\SYSTEM32\USERENV.dll
0x00007ffb8f120000 - 0x00007ffb8f12b000 	C:\Windows\SYSTEM32\CRYPTBASE.dll
0x00007ffb8ed00000 - 0x00007ffb8ed38000 	C:\Windows\SYSTEM32\IPHLPAPI.DLL
0x00007ffb91660000 - 0x00007ffb91668000 	C:\Windows\System32\NSI.dll
0x00007ffb87530000 - 0x00007ffb87546000 	C:\Windows\SYSTEM32\dhcpcsvc6.DLL
0x00007ffb875c0000 - 0x00007ffb875da000 	C:\Windows\SYSTEM32\dhcpcsvc.DLL
0x00007ffb89180000 - 0x00007ffb8918b000 	C:\Windows\SYSTEM32\WINNSI.DLL

VM Arguments:
jvm_args: -Xmx2048m -Dfile.encoding=UTF-8 -Duser.country=CN -Duser.language=zh -Duser.variant 
java_command: org.gradle.launcher.daemon.bootstrap.GradleDaemon 6.5
java_class_path (initial): C:\Users\ASUS-PC\.gradle\wrapper\dists\gradle-6.5-bin\6nifqtx7604sqp1q6g8wikw7p\gradle-6.5\lib\gradle-launcher-6.5.jar
Launcher Type: SUN_STANDARD

Environment Variables:
PATH=C:\Program Files (x86)\Common Files\Oracle\Java\javapath;E:\java\Java\jdk1.8.0_91\bin;C:\Windows\system32;C:\Windows;C:\Windows\System32\Wbem;C:\Windows\System32\WindowsPowerShell\v1.0\;C:\Program Files (x86)\NVIDIA Corporation\PhysX\Common;D:\jdk\Git\Git\cmd;E:\java\jdk1.8.0_91\bin;C:\Users\ASUS-PC\AppData\Local\Microsoft\WindowsApps;
USERNAME=ASUS-PC
OS=Windows_NT
PROCESSOR_IDENTIFIER=Intel64 Family 6 Model 142 Stepping 9, GenuineIntel



---------------  S Y S T E M  ---------------

OS: Windows 10.0 , 64 bit Build 14393 (10.0.14393.1198)

CPU:total 4 (initial active 4) (2 cores per cpu, 2 threads per core) family 6 model 142 stepping 9, cmov, cx8, fxsr, mmx, sse, sse2, sse3, ssse3, sse4.1, sse4.2, popcnt, avx, avx2, aes, clmul, erms, 3dnowpref, lzcnt, ht, tsc, tscinvbit, bmi1, bmi2, adx

Memory: 4k page, physical 4071816k(81368k free), swap 11972100k(5452k free)

vm_info: OpenJDK 64-Bit Server VM (25.242-b01) for windows-amd64 JRE (1.8.0_242-release-1644-b01), built by "builder" with MS VC++ 10.0 (VS2010)

time: Sat Jan 16 10:38:08 2021
timezone: 中国标准时间
elapsed time: 11576 seconds (0d 3h 12m 56s)

